<?xml version="1.0" encoding="UTF-8"?>
<testng-results ignored="0" total="1" passed="1" failed="0" skipped="0">
  <reporter-output>
  </reporter-output>
  <suite started-at="2023-05-25T11:57:57 IST" name="Default suite" finished-at="2023-05-25T11:58:09 IST" duration-ms="12186">
    <groups>
    </groups>
    <test started-at="2023-05-25T11:57:57 IST" name="Default test" finished-at="2023-05-25T11:58:09 IST" duration-ms="12186">
      <class name="testscripts.SendContactDetailsTest">
        <test-method is-config="true" signature="classConfig()[pri:0, instance:testscripts.SendContactDetailsTest@4d465b11]" started-at="2023-05-25T11:57:57 IST" name="classConfig" finished-at="2023-05-25T11:57:57 IST" duration-ms="466" status="PASS">
          <reporter-output>
          </reporter-output>
        </test-method> <!-- classConfig -->
        <test-method is-config="true" signature="methodConfig()[pri:0, instance:testscripts.SendContactDetailsTest@4d465b11]" started-at="2023-05-25T11:57:57 IST" name="methodConfig" finished-at="2023-05-25T11:58:02 IST" duration-ms="4902" status="PASS">
          <reporter-output>
          </reporter-output>
        </test-method> <!-- methodConfig -->
        <test-method signature="sendContactDetailsTest()[pri:0, instance:testscripts.SendContactDetailsTest@4d465b11]" started-at="2023-05-25T11:58:02 IST" name="sendContactDetailsTest" finished-at="2023-05-25T11:58:09 IST" duration-ms="6622" status="PASS">
          <reporter-output>
          </reporter-output>
        </test-method> <!-- sendContactDetailsTest -->
        <test-method is-config="true" signature="methodTearDownConfig()[pri:0, instance:testscripts.SendContactDetailsTest@4d465b11]" started-at="2023-05-25T11:58:09 IST" name="methodTearDownConfig" finished-at="2023-05-25T11:58:09 IST" duration-ms="177" status="PASS">
          <reporter-output>
          </reporter-output>
        </test-method> <!-- methodTearDownConfig -->
        <test-method is-config="true" signature="classTearDown()[pri:0, instance:testscripts.SendContactDetailsTest@4d465b11]" started-at="2023-05-25T11:58:09 IST" name="classTearDown" finished-at="2023-05-25T11:58:09 IST" duration-ms="0" status="PASS">
          <reporter-output>
          </reporter-output>
        </test-method> <!-- classTearDown -->
      </class> <!-- testscripts.SendContactDetailsTest -->
    </test> <!-- Default test -->
  </suite> <!-- Default suite -->
</testng-results>
